<?xml version="1.0" encoding="UTF-8"?>
<!-- Generated by org.testng.reporters.JUnitXMLReporter -->
<testsuite ignored="0" hostname="Rasmi" failures="1" tests="1" name="SwagLabs Tests" time="0.076" errors="0" timestamp="2026-03-09T20:16:59 IST">
  <testcase classname="base.BaseTest" name="@AfterClass tearDown" time="0.001">
    <failure type="java.lang.NoClassDefFoundError" message="org/openqa/selenium/Capabilities">
      <![CDATA[java.lang.NoClassDefFoundError: org/openqa/selenium/Capabilities
at base.BaseTest.tearDown(BaseTest.java:24)
at java.base/java.util.ArrayList.forEach(ArrayList.java:1511)
Caused by: java.lang.ClassNotFoundException: org.openqa.selenium.Capabilities
at java.base/jdk.internal.loader.BuiltinClassLoader.loadClass(BuiltinClassLoader.java:641)
at java.base/jdk.internal.loader.ClassLoaders$AppClassLoader.loadClass(ClassLoaders.java:188)
at java.base/java.lang.ClassLoader.loadClass(ClassLoader.java:525)
... 28 more
... Removed 26 stack frames]]>
    </failure>
  </testcase> <!-- @AfterClass tearDown -->
  <testcase classname="tests.LoginTest" name="testValidLogin" time="0.013">
    <failure type="java.lang.NoClassDefFoundError" message="org/openqa/selenium/By">
      <![CDATA[java.lang.NoClassDefFoundError: org/openqa/selenium/By
at pages.LoginPage.<init>(LoginPage.java:17)
at tests.LoginTest.testValidLogin(LoginTest.java:11)
at java.base/java.util.ArrayList.forEach(ArrayList.java:1511)
Caused by: java.lang.ClassNotFoundException: org.openqa.selenium.By
at java.base/jdk.internal.loader.BuiltinClassLoader.loadClass(BuiltinClassLoader.java:641)
at java.base/jdk.internal.loader.ClassLoaders$AppClassLoader.loadClass(ClassLoaders.java:188)
at java.base/java.lang.ClassLoader.loadClass(ClassLoader.java:525)
... 30 more
... Removed 27 stack frames]]>
    </failure>
  </testcase> <!-- testValidLogin -->
</testsuite> <!-- SwagLabs Tests -->
